<?xml version="1.0" encoding="UTF-8"?>
<!-- Generated by org.testng.reporters.JUnitReportReporter -->
<testsuite hostname="DESKTOP-BIVGLN6" name="com.utility.ExcelUtils" tests="1" failures="0" timestamp="12 Aug 2021 13:16:17 GMT" time="2.682" errors="0">
  <testcase name="unitTesting" time="2.682" classname="com.utility.ExcelUtils"/>
</testsuite> <!-- com.utility.ExcelUtils -->
